{"/Users/weilengdezaoshang/Desktop/cool-ui/src/index.d.ts": {"path":"/Users/weilengdezaoshang/Desktop/cool-ui/src/index.d.ts","statementMap":{},"fnMap":{},"branchMap":{},"s":{},"f":{},"b":{}}
,"/Users/weilengdezaoshang/Desktop/cool-ui/src/Button/index.tsx": {"path":"/Users/weilengdezaoshang/Desktop/cool-ui/src/Button/index.tsx","statementMap":{"0":{"start":{"line":1,"column":0},"end":{"line":1,"column":36}},"1":{"start":{"line":2,"column":0},"end":{"line":2,"column":29}},"2":{"start":{"line":13,"column":39},"end":{"line":26,"column":1}},"3":{"start":{"line":14,"column":50},"end":{"line":14,"column":56}},"4":{"start":{"line":14,"column":14},"end":{"line":14,"column":28}},"5":{"start":{"line":15,"column":2},"end":{"line":25,"column":4}},"6":{"start":{"line":28,"column":0},"end":{"line":28,"column":28}}},"fnMap":{"0":{"name":"(anonymous_2)","decl":{"start":{"line":13,"column":39},"end":{"line":13,"column":40}},"loc":{"start":{"line":13,"column":45},"end":{"line":26,"column":1}}}},"branchMap":{"0":{"loc":{"start":{"line":14,"column":14},"end":{"line":14,"column":28}},"type":"cond-expr","locations":[{"start":{"line":14,"column":17},"end":{"line":14,"column":26}},{"start":{"line":14,"column":26},"end":{"line":14,"column":28}}]},"1":{"loc":{"start":{"line":18,"column":29},"end":{"line":18,"column":59}},"type":"cond-expr","locations":[{"start":{"line":18,"column":36},"end":{"line":18,"column":54}},{"start":{"line":18,"column":57},"end":{"line":18,"column":59}}]},"2":{"loc":{"start":{"line":19,"column":8},"end":{"line":19,"column":39}},"type":"cond-expr","locations":[{"start":{"line":19,"column":15},"end":{"line":19,"column":34}},{"start":{"line":19,"column":37},"end":{"line":19,"column":39}}]}},"s":{"0":1,"1":1,"2":1,"3":12,"4":4,"5":4,"6":1},"f":{"0":4},"b":{"0":[2,2],"1":[4,0],"2":[4,0]}}
}
